<?xml version="1.0" encoding="UTF-8"?>
<testsuite name="com.eoe.jds.JdsApplicationTests" tests="1" skipped="0" failures="0" errors="0" timestamp="2022-11-04T06:45:10" hostname="DESKTOP-23F9757" time="1.726">
  <properties/>
  <testcase name="testJpa_sampleData_insert()" classname="com.eoe.jds.JdsApplicationTests" time="1.726"/>
  <system-out><![CDATA[15:45:05.066 [Test worker] DEBUG org.springframework.test.context.BootstrapUtils - Instantiating CacheAwareContextLoaderDelegate from class [org.springframework.test.context.cache.DefaultCacheAwareContextLoaderDelegate]
15:45:05.077 [Test worker] DEBUG org.springframework.test.context.BootstrapUtils - Instantiating BootstrapContext using constructor [public org.springframework.test.context.support.DefaultBootstrapContext(java.lang.Class,org.springframework.test.context.CacheAwareContextLoaderDelegate)]
15:45:05.130 [Test worker] DEBUG org.springframework.test.context.BootstrapUtils - Instantiating TestContextBootstrapper for test class [com.eoe.jds.JdsApplicationTests] from class [org.springframework.boot.test.context.SpringBootTestContextBootstrapper]
15:45:05.144 [Test worker] INFO org.springframework.boot.test.context.SpringBootTestContextBootstrapper - Neither @ContextConfiguration nor @ContextHierarchy found for test class [com.eoe.jds.JdsApplicationTests], using SpringBootContextLoader
15:45:05.149 [Test worker] DEBUG org.springframework.test.context.support.AbstractContextLoader - Did not detect default resource location for test class [com.eoe.jds.JdsApplicationTests]: class path resource [com/eoe/jds/JdsApplicationTests-context.xml] does not exist
15:45:05.150 [Test worker] DEBUG org.springframework.test.context.support.AbstractContextLoader - Did not detect default resource location for test class [com.eoe.jds.JdsApplicationTests]: class path resource [com/eoe/jds/JdsApplicationTestsContext.groovy] does not exist
15:45:05.150 [Test worker] INFO org.springframework.test.context.support.AbstractContextLoader - Could not detect default resource locations for test class [com.eoe.jds.JdsApplicationTests]: no resource found for suffixes {-context.xml, Context.groovy}.
15:45:05.151 [Test worker] INFO org.springframework.test.context.support.AnnotationConfigContextLoaderUtils - Could not detect default configuration classes for test class [com.eoe.jds.JdsApplicationTests]: JdsApplicationTests does not declare any static, non-private, non-final, nested classes annotated with @Configuration.
15:45:05.206 [Test worker] DEBUG org.springframework.test.context.support.ActiveProfilesUtils - Could not find an 'annotation declaring class' for annotation type [org.springframework.test.context.ActiveProfiles] and class [com.eoe.jds.JdsApplicationTests]
15:45:05.289 [Test worker] DEBUG org.springframework.context.annotation.ClassPathScanningCandidateComponentProvider - Identified candidate component class: file [C:\Users\vkdl3\Desktop\testsdd-main\build\classes\java\main\com\eoe\jds\JdsApplication.class]
15:45:05.290 [Test worker] INFO org.springframework.boot.test.context.SpringBootTestContextBootstrapper - Found @SpringBootConfiguration com.eoe.jds.JdsApplication for test class com.eoe.jds.JdsApplicationTests
15:45:05.397 [Test worker] DEBUG org.springframework.boot.test.context.SpringBootTestContextBootstrapper - @TestExecutionListeners is not present for class [com.eoe.jds.JdsApplicationTests]: using defaults.
15:45:05.398 [Test worker] INFO org.springframework.boot.test.context.SpringBootTestContextBootstrapper - Loaded default TestExecutionListener class names from location [META-INF/spring.factories]: [org.springframework.boot.test.autoconfigure.restdocs.RestDocsTestExecutionListener, org.springframework.boot.test.autoconfigure.web.client.MockRestServiceServerResetTestExecutionListener, org.springframework.boot.test.autoconfigure.web.servlet.MockMvcPrintOnlyOnFailureTestExecutionListener, org.springframework.boot.test.autoconfigure.web.servlet.WebDriverTestExecutionListener, org.springframework.boot.test.autoconfigure.webservices.client.MockWebServiceServerTestExecutionListener, org.springframework.boot.test.mock.mockito.MockitoTestExecutionListener, org.springframework.boot.test.mock.mockito.ResetMocksTestExecutionListener, org.springframework.test.context.web.ServletTestExecutionListener, org.springframework.test.context.support.DirtiesContextBeforeModesTestExecutionListener, org.springframework.test.context.event.ApplicationEventsTestExecutionListener, org.springframework.test.context.support.DependencyInjectionTestExecutionListener, org.springframework.test.context.support.DirtiesContextTestExecutionListener, org.springframework.test.context.transaction.TransactionalTestExecutionListener, org.springframework.test.context.jdbc.SqlScriptsTestExecutionListener, org.springframework.test.context.event.EventPublishingTestExecutionListener]
15:45:05.423 [Test worker] INFO org.springframework.boot.test.context.SpringBootTestContextBootstrapper - Using TestExecutionListeners: [org.springframework.test.context.web.ServletTestExecutionListener@28a2a3e7, org.springframework.test.context.support.DirtiesContextBeforeModesTestExecutionListener@3f2049b6, org.springframework.test.context.event.ApplicationEventsTestExecutionListener@10b3df93, org.springframework.boot.test.mock.mockito.MockitoTestExecutionListener@ea27e34, org.springframework.boot.test.autoconfigure.SpringBootDependencyInjectionTestExecutionListener@33a2499c, org.springframework.test.context.support.DirtiesContextTestExecutionListener@e72dba7, org.springframework.test.context.transaction.TransactionalTestExecutionListener@33c2bd, org.springframework.test.context.jdbc.SqlScriptsTestExecutionListener@1dfd5f51, org.springframework.test.context.event.EventPublishingTestExecutionListener@3c321bdb, org.springframework.boot.test.autoconfigure.restdocs.RestDocsTestExecutionListener@24855019, org.springframework.boot.test.autoconfigure.web.client.MockRestServiceServerResetTestExecutionListener@3abd581e, org.springframework.boot.test.autoconfigure.web.servlet.MockMvcPrintOnlyOnFailureTestExecutionListener@4d4d8fcf, org.springframework.boot.test.autoconfigure.web.servlet.WebDriverTestExecutionListener@610db97e, org.springframework.boot.test.autoconfigure.webservices.client.MockWebServiceServerTestExecutionListener@6f0628de, org.springframework.boot.test.mock.mockito.ResetMocksTestExecutionListener@3fabf088]
15:45:05.426 [Test worker] DEBUG org.springframework.test.context.support.AbstractDirtiesContextTestExecutionListener - Before test class: context [DefaultTestContext@6ca320ab testClass = JdsApplicationTests, testInstance = [null], testMethod = [null], testException = [null], mergedContextConfiguration = [WebMergedContextConfiguration@50d68830 testClass = JdsApplicationTests, locations = '{}', classes = '{class com.eoe.jds.JdsApplication}', contextInitializerClasses = '[]', activeProfiles = '{}', propertySourceLocations = '{}', propertySourceProperties = '{org.springframework.boot.test.context.SpringBootTestContextBootstrapper=true}', contextCustomizers = set[org.springframework.boot.test.autoconfigure.actuate.metrics.MetricsExportContextCustomizerFactory$DisableMetricExportContextCustomizer@4febb875, org.springframework.boot.test.autoconfigure.properties.PropertyMappingContextCustomizer@0, org.springframework.boot.test.autoconfigure.web.servlet.WebDriverContextCustomizerFactory$Customizer@2bb7bd00, org.springframework.boot.test.context.filter.ExcludeFilterContextCustomizer@14b030a0, org.springframework.boot.test.json.DuplicateJsonObjectContextCustomizerFactory$DuplicateJsonObjectContextCustomizer@56bca85b, org.springframework.boot.test.mock.mockito.MockitoContextCustomizer@0, org.springframework.boot.test.web.client.TestRestTemplateContextCustomizer@7446d8d5, org.springframework.boot.test.context.SpringBootTestArgs@1, org.springframework.boot.test.context.SpringBootTestWebEnvironment@5e17553a], resourceBasePath = 'src/main/webapp', contextLoader = 'org.springframework.boot.test.context.SpringBootContextLoader', parent = [null]], attributes = map['org.springframework.test.context.web.ServletTestExecutionListener.activateListener' -> true]], class annotated with @DirtiesContext [false] with mode [null].

  .   ____          _            __ _ _
 /\\ / ___'_ __ _ _(_)_ __  __ _ \ \ \ \
( ( )\___ | '_ | '_| | '_ \/ _` | \ \ \ \
 \\/  ___)| |_)| | | | | || (_| |  ) ) ) )
  '  |____| .__|_| |_|_| |_\__, | / / / /
 =========|_|==============|___/=/_/_/_/
 :: Spring Boot ::                (v2.7.5)

2022-11-04 15:45:05.703  INFO 27396 --- [    Test worker] com.eoe.jds.JdsApplicationTests          : Starting JdsApplicationTests using Java 11.0.16 on DESKTOP-23F9757 with PID 27396 (started by vkdl3 in C:\Users\vkdl3\Desktop\testsdd-main)
2022-11-04 15:45:05.704  INFO 27396 --- [    Test worker] com.eoe.jds.JdsApplicationTests          : No active profile set, falling back to 1 default profile: "default"
2022-11-04 15:45:06.528  INFO 27396 --- [    Test worker] .s.d.r.c.RepositoryConfigurationDelegate : Bootstrapping Spring Data JPA repositories in DEFAULT mode.
2022-11-04 15:45:06.587  INFO 27396 --- [    Test worker] .s.d.r.c.RepositoryConfigurationDelegate : Finished Spring Data repository scanning in 45 ms. Found 3 JPA repository interfaces.
2022-11-04 15:45:07.182  INFO 27396 --- [    Test worker] o.hibernate.jpa.internal.util.LogHelper  : HHH000204: Processing PersistenceUnitInfo [name: default]
2022-11-04 15:45:07.234  INFO 27396 --- [    Test worker] org.hibernate.Version                    : HHH000412: Hibernate ORM core version 5.6.12.Final
2022-11-04 15:45:07.455  INFO 27396 --- [    Test worker] o.hibernate.annotations.common.Version   : HCANN000001: Hibernate Commons Annotations {5.1.2.Final}
2022-11-04 15:45:07.586  INFO 27396 --- [    Test worker] com.zaxxer.hikari.HikariDataSource       : HikariPool-1 - Starting...
2022-11-04 15:45:07.877  INFO 27396 --- [    Test worker] com.zaxxer.hikari.HikariDataSource       : HikariPool-1 - Start completed.
2022-11-04 15:45:07.892  INFO 27396 --- [    Test worker] org.hibernate.dialect.Dialect            : HHH000400: Using dialect: org.hibernate.dialect.MySQL8Dialect
2022-11-04 15:45:08.625  INFO 27396 --- [    Test worker] o.h.e.t.j.p.i.JtaPlatformInitiator       : HHH000490: Using JtaPlatform implementation: [org.hibernate.engine.transaction.jta.platform.internal.NoJtaPlatform]
2022-11-04 15:45:08.634  INFO 27396 --- [    Test worker] j.LocalContainerEntityManagerFactoryBean : Initialized JPA EntityManagerFactory for persistence unit 'default'
2022-11-04 15:45:09.301  INFO 27396 --- [    Test worker] o.s.s.web.DefaultSecurityFilterChain     : Will secure any request with [org.springframework.security.web.session.DisableEncodeUrlFilter@5d03df76, org.springframework.security.web.context.request.async.WebAsyncManagerIntegrationFilter@17f7a1af, org.springframework.security.web.context.SecurityContextPersistenceFilter@434a72f2, org.springframework.security.web.header.HeaderWriterFilter@154208f2, org.springframework.security.web.csrf.CsrfFilter@2512155e, org.springframework.security.web.authentication.logout.LogoutFilter@7552f05b, org.springframework.security.web.authentication.UsernamePasswordAuthenticationFilter@13976c57, org.springframework.security.web.savedrequest.RequestCacheAwareFilter@28b16193, org.springframework.security.web.servletapi.SecurityContextHolderAwareRequestFilter@78e34499, org.springframework.security.web.authentication.AnonymousAuthenticationFilter@d62feaf, org.springframework.security.web.session.SessionManagementFilter@4198921f, org.springframework.security.web.access.ExceptionTranslationFilter@be9bf2e, org.springframework.security.web.access.intercept.FilterSecurityInterceptor@4cf1bd4a]
2022-11-04 15:45:09.561  WARN 27396 --- [    Test worker] JpaBaseConfiguration$JpaWebConfiguration : spring.jpa.open-in-view is enabled by default. Therefore, database queries may be performed during view rendering. Explicitly configure spring.jpa.open-in-view to disable this warning
2022-11-04 15:45:10.331  INFO 27396 --- [    Test worker] com.eoe.jds.JdsApplicationTests          : Started JdsApplicationTests in 4.877 seconds (JVM running for 6.167)
Hibernate: 
    insert 
    into
        question
        (author_id, content, create_date, subject) 
    values
        (?, ?, ?, ?)
Hibernate: 
    insert 
    into
        question
        (author_id, content, create_date, subject) 
    values
        (?, ?, ?, ?)
Hibernate: 
    insert 
    into
        question
        (author_id, content, create_date, subject) 
    values
        (?, ?, ?, ?)
Hibernate: 
    insert 
    into
        question
        (author_id, content, create_date, subject) 
    values
        (?, ?, ?, ?)
Hibernate: 
    insert 
    into
        question
        (author_id, content, create_date, subject) 
    values
        (?, ?, ?, ?)
Hibernate: 
    insert 
    into
        question
        (author_id, content, create_date, subject) 
    values
        (?, ?, ?, ?)
Hibernate: 
    insert 
    into
        question
        (author_id, content, create_date, subject) 
    values
        (?, ?, ?, ?)
Hibernate: 
    insert 
    into
        question
        (author_id, content, create_date, subject) 
    values
        (?, ?, ?, ?)
Hibernate: 
    insert 
    into
        question
        (author_id, content, create_date, subject) 
    values
        (?, ?, ?, ?)
Hibernate: 
    insert 
    into
        question
        (author_id, content, create_date, subject) 
    values
        (?, ?, ?, ?)
Hibernate: 
    insert 
    into
        question
        (author_id, content, create_date, subject) 
    values
        (?, ?, ?, ?)
Hibernate: 
    insert 
    into
        question
        (author_id, content, create_date, subject) 
    values
        (?, ?, ?, ?)
Hibernate: 
    insert 
    into
        question
        (author_id, content, create_date, subject) 
    values
        (?, ?, ?, ?)
Hibernate: 
    insert 
    into
        question
        (author_id, content, create_date, subject) 
    values
        (?, ?, ?, ?)
Hibernate: 
    insert 
    into
        question
        (author_id, content, create_date, subject) 
    values
        (?, ?, ?, ?)
Hibernate: 
    insert 
    into
        question
        (author_id, content, create_date, subject) 
    values
        (?, ?, ?, ?)
Hibernate: 
    insert 
    into
        question
        (author_id, content, create_date, subject) 
    values
        (?, ?, ?, ?)
Hibernate: 
    insert 
    into
        question
        (author_id, content, create_date, subject) 
    values
        (?, ?, ?, ?)
Hibernate: 
    insert 
    into
        question
        (author_id, content, create_date, subject) 
    values
        (?, ?, ?, ?)
Hibernate: 
    insert 
    into
        question
        (author_id, content, create_date, subject) 
    values
        (?, ?, ?, ?)
Hibernate: 
    insert 
    into
        question
        (author_id, content, create_date, subject) 
    values
        (?, ?, ?, ?)
Hibernate: 
    insert 
    into
        question
        (author_id, content, create_date, subject) 
    values
        (?, ?, ?, ?)
Hibernate: 
    insert 
    into
        question
        (author_id, content, create_date, subject) 
    values
        (?, ?, ?, ?)
Hibernate: 
    insert 
    into
        question
        (author_id, content, create_date, subject) 
    values
        (?, ?, ?, ?)
Hibernate: 
    insert 
    into
        question
        (author_id, content, create_date, subject) 
    values
        (?, ?, ?, ?)
Hibernate: 
    insert 
    into
        question
        (author_id, content, create_date, subject) 
    values
        (?, ?, ?, ?)
Hibernate: 
    insert 
    into
        question
        (author_id, content, create_date, subject) 
    values
        (?, ?, ?, ?)
Hibernate: 
    insert 
    into
        question
        (author_id, content, create_date, subject) 
    values
        (?, ?, ?, ?)
Hibernate: 
    insert 
    into
        question
        (author_id, content, create_date, subject) 
    values
        (?, ?, ?, ?)
Hibernate: 
    insert 
    into
        question
        (author_id, content, create_date, subject) 
    values
        (?, ?, ?, ?)
Hibernate: 
    insert 
    into
        question
        (author_id, content, create_date, subject) 
    values
        (?, ?, ?, ?)
Hibernate: 
    insert 
    into
        question
        (author_id, content, create_date, subject) 
    values
        (?, ?, ?, ?)
Hibernate: 
    insert 
    into
        question
        (author_id, content, create_date, subject) 
    values
        (?, ?, ?, ?)
Hibernate: 
    insert 
    into
        question
        (author_id, content, create_date, subject) 
    values
        (?, ?, ?, ?)
Hibernate: 
    insert 
    into
        question
        (author_id, content, create_date, subject) 
    values
        (?, ?, ?, ?)
Hibernate: 
    insert 
    into
        question
        (author_id, content, create_date, subject) 
    values
        (?, ?, ?, ?)
Hibernate: 
    insert 
    into
        question
        (author_id, content, create_date, subject) 
    values
        (?, ?, ?, ?)
Hibernate: 
    insert 
    into
        question
        (author_id, content, create_date, subject) 
    values
        (?, ?, ?, ?)
Hibernate: 
    insert 
    into
        question
        (author_id, content, create_date, subject) 
    values
        (?, ?, ?, ?)
Hibernate: 
    insert 
    into
        question
        (author_id, content, create_date, subject) 
    values
        (?, ?, ?, ?)
Hibernate: 
    insert 
    into
        question
        (author_id, content, create_date, subject) 
    values
        (?, ?, ?, ?)
Hibernate: 
    insert 
    into
        question
        (author_id, content, create_date, subject) 
    values
        (?, ?, ?, ?)
Hibernate: 
    insert 
    into
        question
        (author_id, content, create_date, subject) 
    values
        (?, ?, ?, ?)
Hibernate: 
    insert 
    into
        question
        (author_id, content, create_date, subject) 
    values
        (?, ?, ?, ?)
Hibernate: 
    insert 
    into
        question
        (author_id, content, create_date, subject) 
    values
        (?, ?, ?, ?)
Hibernate: 
    insert 
    into
        question
        (author_id, content, create_date, subject) 
    values
        (?, ?, ?, ?)
Hibernate: 
    insert 
    into
        question
        (author_id, content, create_date, subject) 
    values
        (?, ?, ?, ?)
Hibernate: 
    insert 
    into
        question
        (author_id, content, create_date, subject) 
    values
        (?, ?, ?, ?)
Hibernate: 
    insert 
    into
        question
        (author_id, content, create_date, subject) 
    values
        (?, ?, ?, ?)
Hibernate: 
    insert 
    into
        question
        (author_id, content, create_date, subject) 
    values
        (?, ?, ?, ?)
Hibernate: 
    insert 
    into
        question
        (author_id, content, create_date, subject) 
    values
        (?, ?, ?, ?)
Hibernate: 
    insert 
    into
        question
        (author_id, content, create_date, subject) 
    values
        (?, ?, ?, ?)
Hibernate: 
    insert 
    into
        question
        (author_id, content, create_date, subject) 
    values
        (?, ?, ?, ?)
Hibernate: 
    insert 
    into
        question
        (author_id, content, create_date, subject) 
    values
        (?, ?, ?, ?)
Hibernate: 
    insert 
    into
        question
        (author_id, content, create_date, subject) 
    values
        (?, ?, ?, ?)
Hibernate: 
    insert 
    into
        question
        (author_id, content, create_date, subject) 
    values
        (?, ?, ?, ?)
Hibernate: 
    insert 
    into
        question
        (author_id, content, create_date, subject) 
    values
        (?, ?, ?, ?)
Hibernate: 
    insert 
    into
        question
        (author_id, content, create_date, subject) 
    values
        (?, ?, ?, ?)
Hibernate: 
    insert 
    into
        question
        (author_id, content, create_date, subject) 
    values
        (?, ?, ?, ?)
Hibernate: 
    insert 
    into
        question
        (author_id, content, create_date, subject) 
    values
        (?, ?, ?, ?)
Hibernate: 
    insert 
    into
        question
        (author_id, content, create_date, subject) 
    values
        (?, ?, ?, ?)
Hibernate: 
    insert 
    into
        question
        (author_id, content, create_date, subject) 
    values
        (?, ?, ?, ?)
Hibernate: 
    insert 
    into
        question
        (author_id, content, create_date, subject) 
    values
        (?, ?, ?, ?)
Hibernate: 
    insert 
    into
        question
        (author_id, content, create_date, subject) 
    values
        (?, ?, ?, ?)
Hibernate: 
    insert 
    into
        question
        (author_id, content, create_date, subject) 
    values
        (?, ?, ?, ?)
Hibernate: 
    insert 
    into
        question
        (author_id, content, create_date, subject) 
    values
        (?, ?, ?, ?)
Hibernate: 
    insert 
    into
        question
        (author_id, content, create_date, subject) 
    values
        (?, ?, ?, ?)
Hibernate: 
    insert 
    into
        question
        (author_id, content, create_date, subject) 
    values
        (?, ?, ?, ?)
Hibernate: 
    insert 
    into
        question
        (author_id, content, create_date, subject) 
    values
        (?, ?, ?, ?)
Hibernate: 
    insert 
    into
        question
        (author_id, content, create_date, subject) 
    values
        (?, ?, ?, ?)
Hibernate: 
    insert 
    into
        question
        (author_id, content, create_date, subject) 
    values
        (?, ?, ?, ?)
Hibernate: 
    insert 
    into
        question
        (author_id, content, create_date, subject) 
    values
        (?, ?, ?, ?)
Hibernate: 
    insert 
    into
        question
        (author_id, content, create_date, subject) 
    values
        (?, ?, ?, ?)
Hibernate: 
    insert 
    into
        question
        (author_id, content, create_date, subject) 
    values
        (?, ?, ?, ?)
Hibernate: 
    insert 
    into
        question
        (author_id, content, create_date, subject) 
    values
        (?, ?, ?, ?)
Hibernate: 
    insert 
    into
        question
        (author_id, content, create_date, subject) 
    values
        (?, ?, ?, ?)
Hibernate: 
    insert 
    into
        question
        (author_id, content, create_date, subject) 
    values
        (?, ?, ?, ?)
Hibernate: 
    insert 
    into
        question
        (author_id, content, create_date, subject) 
    values
        (?, ?, ?, ?)
Hibernate: 
    insert 
    into
        question
        (author_id, content, create_date, subject) 
    values
        (?, ?, ?, ?)
Hibernate: 
    insert 
    into
        question
        (author_id, content, create_date, subject) 
    values
        (?, ?, ?, ?)
Hibernate: 
    insert 
    into
        question
        (author_id, content, create_date, subject) 
    values
        (?, ?, ?, ?)
Hibernate: 
    insert 
    into
        question
        (author_id, content, create_date, subject) 
    values
        (?, ?, ?, ?)
Hibernate: 
    insert 
    into
        question
        (author_id, content, create_date, subject) 
    values
        (?, ?, ?, ?)
Hibernate: 
    insert 
    into
        question
        (author_id, content, create_date, subject) 
    values
        (?, ?, ?, ?)
Hibernate: 
    insert 
    into
        question
        (author_id, content, create_date, subject) 
    values
        (?, ?, ?, ?)
Hibernate: 
    insert 
    into
        question
        (author_id, content, create_date, subject) 
    values
        (?, ?, ?, ?)
Hibernate: 
    insert 
    into
        question
        (author_id, content, create_date, subject) 
    values
        (?, ?, ?, ?)
Hibernate: 
    insert 
    into
        question
        (author_id, content, create_date, subject) 
    values
        (?, ?, ?, ?)
Hibernate: 
    insert 
    into
        question
        (author_id, content, create_date, subject) 
    values
        (?, ?, ?, ?)
Hibernate: 
    insert 
    into
        question
        (author_id, content, create_date, subject) 
    values
        (?, ?, ?, ?)
Hibernate: 
    insert 
    into
        question
        (author_id, content, create_date, subject) 
    values
        (?, ?, ?, ?)
Hibernate: 
    insert 
    into
        question
        (author_id, content, create_date, subject) 
    values
        (?, ?, ?, ?)
Hibernate: 
    insert 
    into
        question
        (author_id, content, create_date, subject) 
    values
        (?, ?, ?, ?)
Hibernate: 
    insert 
    into
        question
        (author_id, content, create_date, subject) 
    values
        (?, ?, ?, ?)
Hibernate: 
    insert 
    into
        question
        (author_id, content, create_date, subject) 
    values
        (?, ?, ?, ?)
Hibernate: 
    insert 
    into
        question
        (author_id, content, create_date, subject) 
    values
        (?, ?, ?, ?)
Hibernate: 
    insert 
    into
        question
        (author_id, content, create_date, subject) 
    values
        (?, ?, ?, ?)
Hibernate: 
    insert 
    into
        question
        (author_id, content, create_date, subject) 
    values
        (?, ?, ?, ?)
Hibernate: 
    insert 
    into
        question
        (author_id, content, create_date, subject) 
    values
        (?, ?, ?, ?)
Hibernate: 
    insert 
    into
        question
        (author_id, content, create_date, subject) 
    values
        (?, ?, ?, ?)
Hibernate: 
    insert 
    into
        question
        (author_id, content, create_date, subject) 
    values
        (?, ?, ?, ?)
Hibernate: 
    insert 
    into
        question
        (author_id, content, create_date, subject) 
    values
        (?, ?, ?, ?)
Hibernate: 
    insert 
    into
        question
        (author_id, content, create_date, subject) 
    values
        (?, ?, ?, ?)
Hibernate: 
    insert 
    into
        question
        (author_id, content, create_date, subject) 
    values
        (?, ?, ?, ?)
Hibernate: 
    insert 
    into
        question
        (author_id, content, create_date, subject) 
    values
        (?, ?, ?, ?)
Hibernate: 
    insert 
    into
        question
        (author_id, content, create_date, subject) 
    values
        (?, ?, ?, ?)
Hibernate: 
    insert 
    into
        question
        (author_id, content, create_date, subject) 
    values
        (?, ?, ?, ?)
Hibernate: 
    insert 
    into
        question
        (author_id, content, create_date, subject) 
    values
        (?, ?, ?, ?)
Hibernate: 
    insert 
    into
        question
        (author_id, content, create_date, subject) 
    values
        (?, ?, ?, ?)
Hibernate: 
    insert 
    into
        question
        (author_id, content, create_date, subject) 
    values
        (?, ?, ?, ?)
Hibernate: 
    insert 
    into
        question
        (author_id, content, create_date, subject) 
    values
        (?, ?, ?, ?)
Hibernate: 
    insert 
    into
        question
        (author_id, content, create_date, subject) 
    values
        (?, ?, ?, ?)
Hibernate: 
    insert 
    into
        question
        (author_id, content, create_date, subject) 
    values
        (?, ?, ?, ?)
Hibernate: 
    insert 
    into
        question
        (author_id, content, create_date, subject) 
    values
        (?, ?, ?, ?)
Hibernate: 
    insert 
    into
        question
        (author_id, content, create_date, subject) 
    values
        (?, ?, ?, ?)
Hibernate: 
    insert 
    into
        question
        (author_id, content, create_date, subject) 
    values
        (?, ?, ?, ?)
Hibernate: 
    insert 
    into
        question
        (author_id, content, create_date, subject) 
    values
        (?, ?, ?, ?)
Hibernate: 
    insert 
    into
        question
        (author_id, content, create_date, subject) 
    values
        (?, ?, ?, ?)
Hibernate: 
    insert 
    into
        question
        (author_id, content, create_date, subject) 
    values
        (?, ?, ?, ?)
Hibernate: 
    insert 
    into
        question
        (author_id, content, create_date, subject) 
    values
        (?, ?, ?, ?)
Hibernate: 
    insert 
    into
        question
        (author_id, content, create_date, subject) 
    values
        (?, ?, ?, ?)
Hibernate: 
    insert 
    into
        question
        (author_id, content, create_date, subject) 
    values
        (?, ?, ?, ?)
Hibernate: 
    insert 
    into
        question
        (author_id, content, create_date, subject) 
    values
        (?, ?, ?, ?)
Hibernate: 
    insert 
    into
        question
        (author_id, content, create_date, subject) 
    values
        (?, ?, ?, ?)
Hibernate: 
    insert 
    into
        question
        (author_id, content, create_date, subject) 
    values
        (?, ?, ?, ?)
Hibernate: 
    insert 
    into
        question
        (author_id, content, create_date, subject) 
    values
        (?, ?, ?, ?)
Hibernate: 
    insert 
    into
        question
        (author_id, content, create_date, subject) 
    values
        (?, ?, ?, ?)
Hibernate: 
    insert 
    into
        question
        (author_id, content, create_date, subject) 
    values
        (?, ?, ?, ?)
Hibernate: 
    insert 
    into
        question
        (author_id, content, create_date, subject) 
    values
        (?, ?, ?, ?)
Hibernate: 
    insert 
    into
        question
        (author_id, content, create_date, subject) 
    values
        (?, ?, ?, ?)
Hibernate: 
    insert 
    into
        question
        (author_id, content, create_date, subject) 
    values
        (?, ?, ?, ?)
Hibernate: 
    insert 
    into
        question
        (author_id, content, create_date, subject) 
    values
        (?, ?, ?, ?)
Hibernate: 
    insert 
    into
        question
        (author_id, content, create_date, subject) 
    values
        (?, ?, ?, ?)
Hibernate: 
    insert 
    into
        question
        (author_id, content, create_date, subject) 
    values
        (?, ?, ?, ?)
Hibernate: 
    insert 
    into
        question
        (author_id, content, create_date, subject) 
    values
        (?, ?, ?, ?)
Hibernate: 
    insert 
    into
        question
        (author_id, content, create_date, subject) 
    values
        (?, ?, ?, ?)
Hibernate: 
    insert 
    into
        question
        (author_id, content, create_date, subject) 
    values
        (?, ?, ?, ?)
Hibernate: 
    insert 
    into
        question
        (author_id, content, create_date, subject) 
    values
        (?, ?, ?, ?)
Hibernate: 
    insert 
    into
        question
        (author_id, content, create_date, subject) 
    values
        (?, ?, ?, ?)
Hibernate: 
    insert 
    into
        question
        (author_id, content, create_date, subject) 
    values
        (?, ?, ?, ?)
Hibernate: 
    insert 
    into
        question
        (author_id, content, create_date, subject) 
    values
        (?, ?, ?, ?)
Hibernate: 
    insert 
    into
        question
        (author_id, content, create_date, subject) 
    values
        (?, ?, ?, ?)
Hibernate: 
    insert 
    into
        question
        (author_id, content, create_date, subject) 
    values
        (?, ?, ?, ?)
Hibernate: 
    insert 
    into
        question
        (author_id, content, create_date, subject) 
    values
        (?, ?, ?, ?)
Hibernate: 
    insert 
    into
        question
        (author_id, content, create_date, subject) 
    values
        (?, ?, ?, ?)
Hibernate: 
    insert 
    into
        question
        (author_id, content, create_date, subject) 
    values
        (?, ?, ?, ?)
Hibernate: 
    insert 
    into
        question
        (author_id, content, create_date, subject) 
    values
        (?, ?, ?, ?)
Hibernate: 
    insert 
    into
        question
        (author_id, content, create_date, subject) 
    values
        (?, ?, ?, ?)
Hibernate: 
    insert 
    into
        question
        (author_id, content, create_date, subject) 
    values
        (?, ?, ?, ?)
Hibernate: 
    insert 
    into
        question
        (author_id, content, create_date, subject) 
    values
        (?, ?, ?, ?)
Hibernate: 
    insert 
    into
        question
        (author_id, content, create_date, subject) 
    values
        (?, ?, ?, ?)
Hibernate: 
    insert 
    into
        question
        (author_id, content, create_date, subject) 
    values
        (?, ?, ?, ?)
Hibernate: 
    insert 
    into
        question
        (author_id, content, create_date, subject) 
    values
        (?, ?, ?, ?)
Hibernate: 
    insert 
    into
        question
        (author_id, content, create_date, subject) 
    values
        (?, ?, ?, ?)
Hibernate: 
    insert 
    into
        question
        (author_id, content, create_date, subject) 
    values
        (?, ?, ?, ?)
Hibernate: 
    insert 
    into
        question
        (author_id, content, create_date, subject) 
    values
        (?, ?, ?, ?)
Hibernate: 
    insert 
    into
        question
        (author_id, content, create_date, subject) 
    values
        (?, ?, ?, ?)
Hibernate: 
    insert 
    into
        question
        (author_id, content, create_date, subject) 
    values
        (?, ?, ?, ?)
Hibernate: 
    insert 
    into
        question
        (author_id, content, create_date, subject) 
    values
        (?, ?, ?, ?)
Hibernate: 
    insert 
    into
        question
        (author_id, content, create_date, subject) 
    values
        (?, ?, ?, ?)
Hibernate: 
    insert 
    into
        question
        (author_id, content, create_date, subject) 
    values
        (?, ?, ?, ?)
Hibernate: 
    insert 
    into
        question
        (author_id, content, create_date, subject) 
    values
        (?, ?, ?, ?)
Hibernate: 
    insert 
    into
        question
        (author_id, content, create_date, subject) 
    values
        (?, ?, ?, ?)
Hibernate: 
    insert 
    into
        question
        (author_id, content, create_date, subject) 
    values
        (?, ?, ?, ?)
Hibernate: 
    insert 
    into
        question
        (author_id, content, create_date, subject) 
    values
        (?, ?, ?, ?)
Hibernate: 
    insert 
    into
        question
        (author_id, content, create_date, subject) 
    values
        (?, ?, ?, ?)
Hibernate: 
    insert 
    into
        question
        (author_id, content, create_date, subject) 
    values
        (?, ?, ?, ?)
Hibernate: 
    insert 
    into
        question
        (author_id, content, create_date, subject) 
    values
        (?, ?, ?, ?)
Hibernate: 
    insert 
    into
        question
        (author_id, content, create_date, subject) 
    values
        (?, ?, ?, ?)
Hibernate: 
    insert 
    into
        question
        (author_id, content, create_date, subject) 
    values
        (?, ?, ?, ?)
Hibernate: 
    insert 
    into
        question
        (author_id, content, create_date, subject) 
    values
        (?, ?, ?, ?)
Hibernate: 
    insert 
    into
        question
        (author_id, content, create_date, subject) 
    values
        (?, ?, ?, ?)
Hibernate: 
    insert 
    into
        question
        (author_id, content, create_date, subject) 
    values
        (?, ?, ?, ?)
Hibernate: 
    insert 
    into
        question
        (author_id, content, create_date, subject) 
    values
        (?, ?, ?, ?)
Hibernate: 
    insert 
    into
        question
        (author_id, content, create_date, subject) 
    values
        (?, ?, ?, ?)
Hibernate: 
    insert 
    into
        question
        (author_id, content, create_date, subject) 
    values
        (?, ?, ?, ?)
Hibernate: 
    insert 
    into
        question
        (author_id, content, create_date, subject) 
    values
        (?, ?, ?, ?)
Hibernate: 
    insert 
    into
        question
        (author_id, content, create_date, subject) 
    values
        (?, ?, ?, ?)
Hibernate: 
    insert 
    into
        question
        (author_id, content, create_date, subject) 
    values
        (?, ?, ?, ?)
Hibernate: 
    insert 
    into
        question
        (author_id, content, create_date, subject) 
    values
        (?, ?, ?, ?)
Hibernate: 
    insert 
    into
        question
        (author_id, content, create_date, subject) 
    values
        (?, ?, ?, ?)
Hibernate: 
    insert 
    into
        question
        (author_id, content, create_date, subject) 
    values
        (?, ?, ?, ?)
Hibernate: 
    insert 
    into
        question
        (author_id, content, create_date, subject) 
    values
        (?, ?, ?, ?)
Hibernate: 
    insert 
    into
        question
        (author_id, content, create_date, subject) 
    values
        (?, ?, ?, ?)
Hibernate: 
    insert 
    into
        question
        (author_id, content, create_date, subject) 
    values
        (?, ?, ?, ?)
Hibernate: 
    insert 
    into
        question
        (author_id, content, create_date, subject) 
    values
        (?, ?, ?, ?)
Hibernate: 
    insert 
    into
        question
        (author_id, content, create_date, subject) 
    values
        (?, ?, ?, ?)
Hibernate: 
    insert 
    into
        question
        (author_id, content, create_date, subject) 
    values
        (?, ?, ?, ?)
Hibernate: 
    insert 
    into
        question
        (author_id, content, create_date, subject) 
    values
        (?, ?, ?, ?)
Hibernate: 
    insert 
    into
        question
        (author_id, content, create_date, subject) 
    values
        (?, ?, ?, ?)
Hibernate: 
    insert 
    into
        question
        (author_id, content, create_date, subject) 
    values
        (?, ?, ?, ?)
Hibernate: 
    insert 
    into
        question
        (author_id, content, create_date, subject) 
    values
        (?, ?, ?, ?)
Hibernate: 
    insert 
    into
        question
        (author_id, content, create_date, subject) 
    values
        (?, ?, ?, ?)
Hibernate: 
    insert 
    into
        question
        (author_id, content, create_date, subject) 
    values
        (?, ?, ?, ?)
Hibernate: 
    insert 
    into
        question
        (author_id, content, create_date, subject) 
    values
        (?, ?, ?, ?)
Hibernate: 
    insert 
    into
        question
        (author_id, content, create_date, subject) 
    values
        (?, ?, ?, ?)
Hibernate: 
    insert 
    into
        question
        (author_id, content, create_date, subject) 
    values
        (?, ?, ?, ?)
Hibernate: 
    insert 
    into
        question
        (author_id, content, create_date, subject) 
    values
        (?, ?, ?, ?)
Hibernate: 
    insert 
    into
        question
        (author_id, content, create_date, subject) 
    values
        (?, ?, ?, ?)
Hibernate: 
    insert 
    into
        question
        (author_id, content, create_date, subject) 
    values
        (?, ?, ?, ?)
Hibernate: 
    insert 
    into
        question
        (author_id, content, create_date, subject) 
    values
        (?, ?, ?, ?)
Hibernate: 
    insert 
    into
        question
        (author_id, content, create_date, subject) 
    values
        (?, ?, ?, ?)
Hibernate: 
    insert 
    into
        question
        (author_id, content, create_date, subject) 
    values
        (?, ?, ?, ?)
Hibernate: 
    insert 
    into
        question
        (author_id, content, create_date, subject) 
    values
        (?, ?, ?, ?)
Hibernate: 
    insert 
    into
        question
        (author_id, content, create_date, subject) 
    values
        (?, ?, ?, ?)
Hibernate: 
    insert 
    into
        question
        (author_id, content, create_date, subject) 
    values
        (?, ?, ?, ?)
Hibernate: 
    insert 
    into
        question
        (author_id, content, create_date, subject) 
    values
        (?, ?, ?, ?)
Hibernate: 
    insert 
    into
        question
        (author_id, content, create_date, subject) 
    values
        (?, ?, ?, ?)
Hibernate: 
    insert 
    into
        question
        (author_id, content, create_date, subject) 
    values
        (?, ?, ?, ?)
Hibernate: 
    insert 
    into
        question
        (author_id, content, create_date, subject) 
    values
        (?, ?, ?, ?)
Hibernate: 
    insert 
    into
        question
        (author_id, content, create_date, subject) 
    values
        (?, ?, ?, ?)
Hibernate: 
    insert 
    into
        question
        (author_id, content, create_date, subject) 
    values
        (?, ?, ?, ?)
Hibernate: 
    insert 
    into
        question
        (author_id, content, create_date, subject) 
    values
        (?, ?, ?, ?)
Hibernate: 
    insert 
    into
        question
        (author_id, content, create_date, subject) 
    values
        (?, ?, ?, ?)
Hibernate: 
    insert 
    into
        question
        (author_id, content, create_date, subject) 
    values
        (?, ?, ?, ?)
Hibernate: 
    insert 
    into
        question
        (author_id, content, create_date, subject) 
    values
        (?, ?, ?, ?)
Hibernate: 
    insert 
    into
        question
        (author_id, content, create_date, subject) 
    values
        (?, ?, ?, ?)
Hibernate: 
    insert 
    into
        question
        (author_id, content, create_date, subject) 
    values
        (?, ?, ?, ?)
Hibernate: 
    insert 
    into
        question
        (author_id, content, create_date, subject) 
    values
        (?, ?, ?, ?)
Hibernate: 
    insert 
    into
        question
        (author_id, content, create_date, subject) 
    values
        (?, ?, ?, ?)
Hibernate: 
    insert 
    into
        question
        (author_id, content, create_date, subject) 
    values
        (?, ?, ?, ?)
Hibernate: 
    insert 
    into
        question
        (author_id, content, create_date, subject) 
    values
        (?, ?, ?, ?)
Hibernate: 
    insert 
    into
        question
        (author_id, content, create_date, subject) 
    values
        (?, ?, ?, ?)
Hibernate: 
    insert 
    into
        question
        (author_id, content, create_date, subject) 
    values
        (?, ?, ?, ?)
Hibernate: 
    insert 
    into
        question
        (author_id, content, create_date, subject) 
    values
        (?, ?, ?, ?)
Hibernate: 
    insert 
    into
        question
        (author_id, content, create_date, subject) 
    values
        (?, ?, ?, ?)
Hibernate: 
    insert 
    into
        question
        (author_id, content, create_date, subject) 
    values
        (?, ?, ?, ?)
Hibernate: 
    insert 
    into
        question
        (author_id, content, create_date, subject) 
    values
        (?, ?, ?, ?)
Hibernate: 
    insert 
    into
        question
        (author_id, content, create_date, subject) 
    values
        (?, ?, ?, ?)
Hibernate: 
    insert 
    into
        question
        (author_id, content, create_date, subject) 
    values
        (?, ?, ?, ?)
Hibernate: 
    insert 
    into
        question
        (author_id, content, create_date, subject) 
    values
        (?, ?, ?, ?)
Hibernate: 
    insert 
    into
        question
        (author_id, content, create_date, subject) 
    values
        (?, ?, ?, ?)
Hibernate: 
    insert 
    into
        question
        (author_id, content, create_date, subject) 
    values
        (?, ?, ?, ?)
Hibernate: 
    insert 
    into
        question
        (author_id, content, create_date, subject) 
    values
        (?, ?, ?, ?)
Hibernate: 
    insert 
    into
        question
        (author_id, content, create_date, subject) 
    values
        (?, ?, ?, ?)
Hibernate: 
    insert 
    into
        question
        (author_id, content, create_date, subject) 
    values
        (?, ?, ?, ?)
Hibernate: 
    insert 
    into
        question
        (author_id, content, create_date, subject) 
    values
        (?, ?, ?, ?)
Hibernate: 
    insert 
    into
        question
        (author_id, content, create_date, subject) 
    values
        (?, ?, ?, ?)
Hibernate: 
    insert 
    into
        question
        (author_id, content, create_date, subject) 
    values
        (?, ?, ?, ?)
Hibernate: 
    insert 
    into
        question
        (author_id, content, create_date, subject) 
    values
        (?, ?, ?, ?)
Hibernate: 
    insert 
    into
        question
        (author_id, content, create_date, subject) 
    values
        (?, ?, ?, ?)
Hibernate: 
    insert 
    into
        question
        (author_id, content, create_date, subject) 
    values
        (?, ?, ?, ?)
Hibernate: 
    insert 
    into
        question
        (author_id, content, create_date, subject) 
    values
        (?, ?, ?, ?)
Hibernate: 
    insert 
    into
        question
        (author_id, content, create_date, subject) 
    values
        (?, ?, ?, ?)
Hibernate: 
    insert 
    into
        question
        (author_id, content, create_date, subject) 
    values
        (?, ?, ?, ?)
Hibernate: 
    insert 
    into
        question
        (author_id, content, create_date, subject) 
    values
        (?, ?, ?, ?)
Hibernate: 
    insert 
    into
        question
        (author_id, content, create_date, subject) 
    values
        (?, ?, ?, ?)
Hibernate: 
    insert 
    into
        question
        (author_id, content, create_date, subject) 
    values
        (?, ?, ?, ?)
Hibernate: 
    insert 
    into
        question
        (author_id, content, create_date, subject) 
    values
        (?, ?, ?, ?)
Hibernate: 
    insert 
    into
        question
        (author_id, content, create_date, subject) 
    values
        (?, ?, ?, ?)
Hibernate: 
    insert 
    into
        question
        (author_id, content, create_date, subject) 
    values
        (?, ?, ?, ?)
Hibernate: 
    insert 
    into
        question
        (author_id, content, create_date, subject) 
    values
        (?, ?, ?, ?)
Hibernate: 
    insert 
    into
        question
        (author_id, content, create_date, subject) 
    values
        (?, ?, ?, ?)
Hibernate: 
    insert 
    into
        question
        (author_id, content, create_date, subject) 
    values
        (?, ?, ?, ?)
Hibernate: 
    insert 
    into
        question
        (author_id, content, create_date, subject) 
    values
        (?, ?, ?, ?)
Hibernate: 
    insert 
    into
        question
        (author_id, content, create_date, subject) 
    values
        (?, ?, ?, ?)
Hibernate: 
    insert 
    into
        question
        (author_id, content, create_date, subject) 
    values
        (?, ?, ?, ?)
Hibernate: 
    insert 
    into
        question
        (author_id, content, create_date, subject) 
    values
        (?, ?, ?, ?)
Hibernate: 
    insert 
    into
        question
        (author_id, content, create_date, subject) 
    values
        (?, ?, ?, ?)
Hibernate: 
    insert 
    into
        question
        (author_id, content, create_date, subject) 
    values
        (?, ?, ?, ?)
Hibernate: 
    insert 
    into
        question
        (author_id, content, create_date, subject) 
    values
        (?, ?, ?, ?)
Hibernate: 
    insert 
    into
        question
        (author_id, content, create_date, subject) 
    values
        (?, ?, ?, ?)
Hibernate: 
    insert 
    into
        question
        (author_id, content, create_date, subject) 
    values
        (?, ?, ?, ?)
Hibernate: 
    insert 
    into
        question
        (author_id, content, create_date, subject) 
    values
        (?, ?, ?, ?)
Hibernate: 
    insert 
    into
        question
        (author_id, content, create_date, subject) 
    values
        (?, ?, ?, ?)
Hibernate: 
    insert 
    into
        question
        (author_id, content, create_date, subject) 
    values
        (?, ?, ?, ?)
Hibernate: 
    insert 
    into
        question
        (author_id, content, create_date, subject) 
    values
        (?, ?, ?, ?)
Hibernate: 
    insert 
    into
        question
        (author_id, content, create_date, subject) 
    values
        (?, ?, ?, ?)
Hibernate: 
    insert 
    into
        question
        (author_id, content, create_date, subject) 
    values
        (?, ?, ?, ?)
Hibernate: 
    insert 
    into
        question
        (author_id, content, create_date, subject) 
    values
        (?, ?, ?, ?)
Hibernate: 
    insert 
    into
        question
        (author_id, content, create_date, subject) 
    values
        (?, ?, ?, ?)
Hibernate: 
    insert 
    into
        question
        (author_id, content, create_date, subject) 
    values
        (?, ?, ?, ?)
Hibernate: 
    insert 
    into
        question
        (author_id, content, create_date, subject) 
    values
        (?, ?, ?, ?)
Hibernate: 
    insert 
    into
        question
        (author_id, content, create_date, subject) 
    values
        (?, ?, ?, ?)
Hibernate: 
    insert 
    into
        question
        (author_id, content, create_date, subject) 
    values
        (?, ?, ?, ?)
Hibernate: 
    insert 
    into
        question
        (author_id, content, create_date, subject) 
    values
        (?, ?, ?, ?)
Hibernate: 
    insert 
    into
        question
        (author_id, content, create_date, subject) 
    values
        (?, ?, ?, ?)
Hibernate: 
    insert 
    into
        question
        (author_id, content, create_date, subject) 
    values
        (?, ?, ?, ?)
Hibernate: 
    insert 
    into
        question
        (author_id, content, create_date, subject) 
    values
        (?, ?, ?, ?)
Hibernate: 
    insert 
    into
        question
        (author_id, content, create_date, subject) 
    values
        (?, ?, ?, ?)
Hibernate: 
    insert 
    into
        question
        (author_id, content, create_date, subject) 
    values
        (?, ?, ?, ?)
Hibernate: 
    insert 
    into
        question
        (author_id, content, create_date, subject) 
    values
        (?, ?, ?, ?)
Hibernate: 
    insert 
    into
        question
        (author_id, content, create_date, subject) 
    values
        (?, ?, ?, ?)
Hibernate: 
    insert 
    into
        question
        (author_id, content, create_date, subject) 
    values
        (?, ?, ?, ?)
Hibernate: 
    insert 
    into
        question
        (author_id, content, create_date, subject) 
    values
        (?, ?, ?, ?)
Hibernate: 
    insert 
    into
        question
        (author_id, content, create_date, subject) 
    values
        (?, ?, ?, ?)
Hibernate: 
    insert 
    into
        question
        (author_id, content, create_date, subject) 
    values
        (?, ?, ?, ?)
Hibernate: 
    insert 
    into
        question
        (author_id, content, create_date, subject) 
    values
        (?, ?, ?, ?)
Hibernate: 
    insert 
    into
        question
        (author_id, content, create_date, subject) 
    values
        (?, ?, ?, ?)
Hibernate: 
    insert 
    into
        question
        (author_id, content, create_date, subject) 
    values
        (?, ?, ?, ?)
Hibernate: 
    insert 
    into
        question
        (author_id, content, create_date, subject) 
    values
        (?, ?, ?, ?)
Hibernate: 
    insert 
    into
        question
        (author_id, content, create_date, subject) 
    values
        (?, ?, ?, ?)
Hibernate: 
    insert 
    into
        question
        (author_id, content, create_date, subject) 
    values
        (?, ?, ?, ?)
Hibernate: 
    insert 
    into
        question
        (author_id, content, create_date, subject) 
    values
        (?, ?, ?, ?)
Hibernate: 
    insert 
    into
        question
        (author_id, content, create_date, subject) 
    values
        (?, ?, ?, ?)
Hibernate: 
    insert 
    into
        question
        (author_id, content, create_date, subject) 
    values
        (?, ?, ?, ?)
Hibernate: 
    insert 
    into
        question
        (author_id, content, create_date, subject) 
    values
        (?, ?, ?, ?)
Hibernate: 
    insert 
    into
        question
        (author_id, content, create_date, subject) 
    values
        (?, ?, ?, ?)
Hibernate: 
    insert 
    into
        question
        (author_id, content, create_date, subject) 
    values
        (?, ?, ?, ?)
Hibernate: 
    insert 
    into
        question
        (author_id, content, create_date, subject) 
    values
        (?, ?, ?, ?)
]]></system-out>
  <system-err><![CDATA[]]></system-err>
</testsuite>
